[2020-10-11 13:52:51] Текст ошибки: Нет соединения с БД | Файл: C:\OpenServer\domains\site\vendor\iShop\core\Db.php | Строка: 20
=================
[2020-10-11 13:53:36] Текст ошибки: Нет соединения с БД | Файл: C:\OpenServer\domains\site\vendor\iShop\core\Db.php | Строка: 20
=================
[2020-10-11 13:53:38] Текст ошибки: Нет соединения с БД | Файл: C:\OpenServer\domains\site\vendor\iShop\core\Db.php | Строка: 20
=================
[2020-10-11 13:53:42] Текст ошибки: Нет соединения с БД | Файл: C:\OpenServer\domains\site\vendor\iShop\core\Db.php | Строка: 20
=================
[2020-10-11 14:25:21] Текст ошибки: Argument 2 passed to iShop\Cache::set() must be of the type string, array given, called in C:\OpenServer\domains\site\app\controllers\MainController.php on line 34 | Файл: C:\OpenServer\domains\site\vendor\iShop\core\Cache.php | Строка: 16
=================
[2020-10-11 14:31:47] Текст ошибки: syntax error, unexpected '|', expecting variable (T_VARIABLE) | Файл: C:\OpenServer\domains\site\vendor\iShop\core\Cache.php | Строка: 16
=================
[2020-10-11 14:31:53] Текст ошибки: syntax error, unexpected '|', expecting variable (T_VARIABLE) | Файл: C:\OpenServer\domains\site\vendor\iShop\core\Cache.php | Строка: 16
=================
[2020-10-11 14:32:09] Текст ошибки: syntax error, unexpected '|', expecting variable (T_VARIABLE) | Файл: C:\OpenServer\domains\site\vendor\iShop\core\Cache.php | Строка: 16
=================
[2020-10-11 14:32:10] Текст ошибки: syntax error, unexpected '|', expecting variable (T_VARIABLE) | Файл: C:\OpenServer\domains\site\vendor\iShop\core\Cache.php | Строка: 16
=================
[2020-10-12 15:54:37] Текст ошибки: Страница не найдена | Файл: C:\OpenServer\domains\site\vendor\iShop\core\Router.php | Строка: 79
=================
[2020-10-12 16:09:06] Текст ошибки: Страница не найдена | Файл: C:\OpenServer\domains\site\vendor\iShop\core\Router.php | Строка: 79
=================
